#
# There is insufficient memory for the Java Runtime Environment to continue.
# Native memory allocation (malloc) failed to allocate 588176 bytes for Chunk::new
# Possible reasons:
#   The system is out of physical RAM or swap space
#   The process is running with CompressedOops enabled, and the Java Heap may be blocking the growth of the native heap
# Possible solutions:
#   Reduce memory load on the system
#   Increase physical memory or swap space
#   Check if swap backing store is full
#   Decrease Java heap size (-Xmx/-Xms)
#   Decrease number of Java threads
#   Decrease Java thread stack sizes (-Xss)
#   Set larger code cache with -XX:ReservedCodeCacheSize=
#   JVM is running with Unscaled Compressed Oops mode in which the Java heap is
#     placed in the first 4GB address space. The Java Heap base address is the
#     maximum limit for the native heap growth. Please use -XX:HeapBaseMinAddress
#     to set the Java Heap base and to place the Java Heap above 4GB virtual address.
# This output file may be truncated or incomplete.
#
#  Out of Memory Error (arena.cpp:189), pid=34508, tid=2784
#
# JRE version: OpenJDK Runtime Environment Temurin-17.0.7+7 (17.0.7+7) (build 17.0.7+7)
# Java VM: OpenJDK 64-Bit Server VM Temurin-17.0.7+7 (17.0.7+7, mixed mode, tiered, compressed oops, compressed class ptrs, g1 gc, windows-amd64)
# No core dump will be written. Minidumps are not enabled by default on client versions of Windows
#

---------------  S U M M A R Y ------------

Command Line: C:\Users\daach\AppData\Local\Temp\surefire15561247560675320875\surefirebooter-20240113145312580_3.jar C:\Users\daach\AppData\Local\Temp\surefire15561247560675320875 2024-01-13T14-53-12_215-jvmRun1 surefire-20240113145312580_1tmp surefire_0-20240113145312580_2tmp

Host: AMD Ryzen 5 5500U with Radeon Graphics         , 12 cores, 5G,  Windows 11 , 64 bit Build 22621 (10.0.22621.2506)
Time: Sat Jan 13 14:53:39 2024 Eastern Standard Time elapsed time: 26.800582 seconds (0d 0h 0m 26s)

---------------  T H R E A D  ---------------

Current thread (0x00000189bbb49220):  JavaThread "C2 CompilerThread0" daemon [_thread_in_native, id=2784, stack(0x0000006197100000,0x0000006197200000)]


Current CompileTask:
C2:  26800 3592   !   4       jdk.internal.loader.BuiltinClassLoader::loadClassOrNull (143 bytes)

Stack: [0x0000006197100000,0x0000006197200000]
Native frames: (J=compiled Java code, j=interpreted, Vv=VM code, C=native code)
V  [jvm.dll+0x67754a]
V  [jvm.dll+0x834304]
V  [jvm.dll+0x835aae]
V  [jvm.dll+0x836113]
V  [jvm.dll+0x24696f]
V  [jvm.dll+0xac0ac]
V  [jvm.dll+0xac67c]
V  [jvm.dll+0x2adbef]
V  [jvm.dll+0x580067]
V  [jvm.dll+0x221e72]
V  [jvm.dll+0x21b039]
V  [jvm.dll+0x21895b]
V  [jvm.dll+0x1a4d8d]
V  [jvm.dll+0x2284da]
V  [jvm.dll+0x226615]
V  [jvm.dll+0x7ea90b]
V  [jvm.dll+0x7e4e7a]
V  [jvm.dll+0x676395]
C  [ucrtbase.dll+0x29363]
C  [KERNEL32.DLL+0x1257d]
C  [ntdll.dll+0x5aa58]


---------------  P R O C E S S  ---------------

Threads class SMR info:
_java_thread_list=0x00000189c14db160, length=25, elements={
0x00000189a2a04060, 0x00000189bb9e0690, 0x00000189bb9e1410, 0x00000189bbb432c0,
0x00000189bbb46ca0, 0x00000189bbb47560, 0x00000189bbb48630, 0x00000189bbb49220,
0x00000189bbb49bd0, 0x00000189bbb4a4d0, 0x00000189bbcce400, 0x00000189bbcdad10,
0x00000189c02de190, 0x00000189c00f81a0, 0x00000189c1147a20, 0x00000189c14ae300,
0x00000189c0db0040, 0x00000189c112b280, 0x00000189c1414bc0, 0x00000189c1414220,
0x00000189c14146f0, 0x00000189c1415090, 0x00000189c1413d50, 0x00000189c0816700,
0x00000189c0816bd0
}

Java Threads: ( => current thread )
  0x00000189a2a04060 JavaThread "main" [_thread_in_native, id=27108, stack(0x0000006196400000,0x0000006196500000)]
  0x00000189bb9e0690 JavaThread "Reference Handler" daemon [_thread_blocked, id=36712, stack(0x0000006196b00000,0x0000006196c00000)]
  0x00000189bb9e1410 JavaThread "Finalizer" daemon [_thread_blocked, id=4000, stack(0x0000006196c00000,0x0000006196d00000)]
  0x00000189bbb432c0 JavaThread "Signal Dispatcher" daemon [_thread_blocked, id=31808, stack(0x0000006196d00000,0x0000006196e00000)]
  0x00000189bbb46ca0 JavaThread "Attach Listener" daemon [_thread_blocked, id=29480, stack(0x0000006196e00000,0x0000006196f00000)]
  0x00000189bbb47560 JavaThread "Service Thread" daemon [_thread_blocked, id=34876, stack(0x0000006196f00000,0x0000006197000000)]
  0x00000189bbb48630 JavaThread "Monitor Deflation Thread" daemon [_thread_blocked, id=23820, stack(0x0000006197000000,0x0000006197100000)]
=>0x00000189bbb49220 JavaThread "C2 CompilerThread0" daemon [_thread_in_native, id=2784, stack(0x0000006197100000,0x0000006197200000)]
  0x00000189bbb49bd0 JavaThread "C1 CompilerThread0" daemon [_thread_in_native, id=30000, stack(0x0000006197200000,0x0000006197300000)]
  0x00000189bbb4a4d0 JavaThread "Sweeper thread" daemon [_thread_blocked, id=3428, stack(0x0000006197300000,0x0000006197400000)]
  0x00000189bbcce400 JavaThread "Notification Thread" daemon [_thread_blocked, id=24968, stack(0x0000006197400000,0x0000006197500000)]
  0x00000189bbcdad10 JavaThread "Common-Cleaner" daemon [_thread_blocked, id=35340, stack(0x0000006197600000,0x0000006197700000)]
  0x00000189c02de190 JavaThread "surefire-forkedjvm-stream-flusher" daemon [_thread_blocked, id=22856, stack(0x0000006197700000,0x0000006197800000)]
  0x00000189c00f81a0 JavaThread "surefire-forkedjvm-command-thread" daemon [_thread_in_native, id=15592, stack(0x0000006197800000,0x0000006197900000)]
  0x00000189c1147a20 JavaThread "ForkJoinPool.commonPool-worker-1" daemon [_thread_blocked, id=27152, stack(0x0000006198700000,0x0000006198800000)]
  0x00000189c14ae300 JavaThread "AsyncHttpClient-1-1" daemon [_thread_blocked, id=37768, stack(0x0000006198800000,0x0000006198900000)]
  0x00000189c0db0040 JavaThread "Exec Default Executor" daemon [_thread_in_native, id=32704, stack(0x0000006198900000,0x0000006198a00000)]
  0x00000189c112b280 JavaThread "Exec Stream Pumper" daemon [_thread_in_native, id=1584, stack(0x0000006198a00000,0x0000006198b00000)]
  0x00000189c1414bc0 JavaThread "Exec Stream Pumper" daemon [_thread_in_native, id=8332, stack(0x0000006198b00000,0x0000006198c00000)]
  0x00000189c1414220 JavaThread "Driver Service Executor" daemon [_thread_blocked, id=35708, stack(0x0000006198c00000,0x0000006198d00000)]
  0x00000189c14146f0 JavaThread "Driver Service Executor" daemon [_thread_blocked, id=29584, stack(0x0000006198d00000,0x0000006198e00000)]
  0x00000189c1415090 JavaThread "UrlChecker-2" daemon [_thread_blocked, id=2832, stack(0x0000006198e00000,0x0000006198f00000)]
  0x00000189c1413d50 JavaThread "AsyncHttpClient-1-2" daemon [_thread_in_native, id=35600, stack(0x0000006199000000,0x0000006199100000)]
  0x00000189c0816700 JavaThread "AsyncHttpClient-1-3" daemon [_thread_in_native, id=17676, stack(0x0000006199100000,0x0000006199200000)]
  0x00000189c0816bd0 JavaThread "AsyncHttpClient-1-4" daemon [_thread_in_native, id=34316, stack(0x0000006199200000,0x0000006199300000)]

Other Threads:
  0x00000189bb9fa7b0 VMThread "VM Thread" [stack: 0x0000006196a00000,0x0000006196b00000] [id=8384]
  0x00000189bbc1d090 WatcherThread [stack: 0x0000006197500000,0x0000006197600000] [id=36056]
  0x00000189a2a4e870 GCTaskThread "GC Thread#0" [stack: 0x0000006196500000,0x0000006196600000] [id=21920]
  0x00000189bbcf2070 GCTaskThread "GC Thread#1" [stack: 0x0000006197900000,0x0000006197a00000] [id=3836]
  0x00000189bbcf2320 GCTaskThread "GC Thread#2" [stack: 0x0000006197a00000,0x0000006197b00000] [id=25168]
  0x00000189bbcf38a0 GCTaskThread "GC Thread#3" [stack: 0x0000006197b00000,0x0000006197c00000] [id=25932]
  0x00000189bbcf3b50 GCTaskThread "GC Thread#4" [stack: 0x0000006197c00000,0x0000006197d00000] [id=37144]
  0x00000189bbcf25d0 GCTaskThread "GC Thread#5" [stack: 0x0000006197d00000,0x0000006197e00000] [id=34496]
  0x00000189bbcf2880 GCTaskThread "GC Thread#6" [stack: 0x0000006197e00000,0x0000006197f00000] [id=26344]
  0x00000189bbcf2de0 GCTaskThread "GC Thread#7" [stack: 0x0000006197f00000,0x0000006198000000] [id=3236]
  0x00000189c0bccfe0 GCTaskThread "GC Thread#8" [stack: 0x0000006198000000,0x0000006198100000] [id=16348]
  0x00000189c0bce560 GCTaskThread "GC Thread#9" [stack: 0x0000006198100000,0x0000006198200000] [id=27676]
  0x00000189a2a5b1c0 ConcurrentGCThread "G1 Main Marker" [stack: 0x0000006196600000,0x0000006196700000] [id=9080]
  0x00000189a2a5c280 ConcurrentGCThread "G1 Conc#0" [stack: 0x0000006196700000,0x0000006196800000] [id=35068]
  0x00000189c0bcf020 ConcurrentGCThread "G1 Conc#1" [stack: 0x0000006198200000,0x0000006198300000] [id=34716]
  0x00000189c0bced70 ConcurrentGCThread "G1 Conc#2" [stack: 0x0000006198300000,0x0000006198400000] [id=26768]
  0x00000189bb8510c0 ConcurrentGCThread "G1 Refine#0" [stack: 0x0000006196800000,0x0000006196900000] [id=16896]
  0x00000189c0e05780 ConcurrentGCThread "G1 Refine#1" [stack: 0x0000006198500000,0x0000006198600000] [id=20360]
  0x00000189c0e05a60 ConcurrentGCThread "G1 Refine#2" [stack: 0x0000006198600000,0x0000006198700000] [id=25036]
  0x00000189bb8519f0 ConcurrentGCThread "G1 Service" [stack: 0x0000006196900000,0x0000006196a00000] [id=33676]

Threads with active compile tasks:
C2 CompilerThread0    26846 3592   !   4       jdk.internal.loader.BuiltinClassLoader::loadClassOrNull (143 bytes)

VM state: not at safepoint (normal execution)

VM Mutex/Monitor currently owned by a thread: None

Heap address: 0x00000000a2800000, size: 1496 MB, Compressed Oops mode: 32-bit

CDS archive(s) not mapped
Compressed class space mapped at: 0x0000000100000000-0x0000000140000000, reserved size: 1073741824
Narrow klass base: 0x0000000000000000, Narrow klass shift: 3, Narrow klass range: 0x140000000

GC Precious Log:
 CPUs: 12 total, 12 available
 Memory: 5978M
 Large Page Support: Disabled
 NUMA Support: Disabled
 Compressed Oops: Enabled (32-bit)
 Heap Region Size: 1M
 Heap Min Capacity: 8M
 Heap Initial Capacity: 94M
 Heap Max Capacity: 1496M
 Pre-touch: Disabled
 Parallel Workers: 10
 Concurrent Workers: 3
 Concurrent Refinement Workers: 10
 Periodic GC: Disabled

Heap:
 garbage-first heap   total 120832K, used 73481K [0x00000000a2800000, 0x0000000100000000)
  region size 1024K, 36 young (36864K), 4 survivors (4096K)
 Metaspace       used 38195K, committed 38464K, reserved 1114112K
  class space    used 4330K, committed 4480K, reserved 1048576K

Heap Regions: E=young(eden), S=young(survivor), O=old, HS=humongous(starts), HC=humongous(continues), CS=collection set, F=free, OA=open archive, CA=closed archive, TAMS=top-at-mark-start (previous, next)
|   0|0x00000000a2800000, 0x00000000a2900000, 0x00000000a2900000|100%|HS|  |TAMS 0x00000000a2900000, 0x00000000a2800000| Complete 
|   1|0x00000000a2900000, 0x00000000a2a00000, 0x00000000a2a00000|100%| O|  |TAMS 0x00000000a2a00000, 0x00000000a2900000| Untracked 
|   2|0x00000000a2a00000, 0x00000000a2b00000, 0x00000000a2b00000|100%| O|  |TAMS 0x00000000a2b00000, 0x00000000a2a00000| Untracked 
|   3|0x00000000a2b00000, 0x00000000a2c00000, 0x00000000a2c00000|100%| O|  |TAMS 0x00000000a2c00000, 0x00000000a2b00000| Untracked 
|   4|0x00000000a2c00000, 0x00000000a2d00000, 0x00000000a2d00000|100%| O|  |TAMS 0x00000000a2d00000, 0x00000000a2c00000| Untracked 
|   5|0x00000000a2d00000, 0x00000000a2e00000, 0x00000000a2e00000|100%| O|  |TAMS 0x00000000a2e00000, 0x00000000a2d00000| Untracked 
|   6|0x00000000a2e00000, 0x00000000a2f00000, 0x00000000a2f00000|100%| O|  |TAMS 0x00000000a2f00000, 0x00000000a2e00000| Untracked 
|   7|0x00000000a2f00000, 0x00000000a3000000, 0x00000000a3000000|100%| O|  |TAMS 0x00000000a3000000, 0x00000000a2f00000| Untracked 
|   8|0x00000000a3000000, 0x00000000a3100000, 0x00000000a3100000|100%| O|  |TAMS 0x00000000a3100000, 0x00000000a3000000| Untracked 
|   9|0x00000000a3100000, 0x00000000a3200000, 0x00000000a3200000|100%| O|  |TAMS 0x00000000a3200000, 0x00000000a3100000| Untracked 
|  10|0x00000000a3200000, 0x00000000a3300000, 0x00000000a3300000|100%| O|  |TAMS 0x00000000a3300000, 0x00000000a3200000| Untracked 
|  11|0x00000000a3300000, 0x00000000a3400000, 0x00000000a3400000|100%| O|  |TAMS 0x00000000a3300000, 0x00000000a3300000| Untracked 
|  12|0x00000000a3400000, 0x00000000a3500000, 0x00000000a3500000|100%| O|  |TAMS 0x00000000a3500000, 0x00000000a3400000| Untracked 
|  13|0x00000000a3500000, 0x00000000a3600000, 0x00000000a3600000|100%| O|  |TAMS 0x00000000a3600000, 0x00000000a3500000| Untracked 
|  14|0x00000000a3600000, 0x00000000a3700000, 0x00000000a3700000|100%| O|  |TAMS 0x00000000a3700000, 0x00000000a3600000| Untracked 
|  15|0x00000000a3700000, 0x00000000a3800000, 0x00000000a3800000|100%| O|  |TAMS 0x00000000a3800000, 0x00000000a3700000| Untracked 
|  16|0x00000000a3800000, 0x00000000a3900000, 0x00000000a3900000|100%| O|  |TAMS 0x00000000a3900000, 0x00000000a3800000| Untracked 
|  17|0x00000000a3900000, 0x00000000a3a00000, 0x00000000a3a00000|100%| O|  |TAMS 0x00000000a3a00000, 0x00000000a3900000| Untracked 
|  18|0x00000000a3a00000, 0x00000000a3b00000, 0x00000000a3b00000|100%| O|  |TAMS 0x00000000a3ad1200, 0x00000000a3a00000| Untracked 
|  19|0x00000000a3b00000, 0x00000000a3c00000, 0x00000000a3c00000|100%| O|  |TAMS 0x00000000a3b00000, 0x00000000a3b00000| Untracked 
|  20|0x00000000a3c00000, 0x00000000a3d00000, 0x00000000a3d00000|100%| O|  |TAMS 0x00000000a3c00000, 0x00000000a3c00000| Untracked 
|  21|0x00000000a3d00000, 0x00000000a3e00000, 0x00000000a3e00000|100%| O|  |TAMS 0x00000000a3e00000, 0x00000000a3d00000| Untracked 
|  22|0x00000000a3e00000, 0x00000000a3f00000, 0x00000000a3f00000|100%| O|  |TAMS 0x00000000a3e00000, 0x00000000a3e00000| Untracked 
|  23|0x00000000a3f00000, 0x00000000a4000000, 0x00000000a4000000|100%| O|  |TAMS 0x00000000a3f00000, 0x00000000a3f00000| Untracked 
|  24|0x00000000a4000000, 0x00000000a4100000, 0x00000000a4100000|100%| O|  |TAMS 0x00000000a4000000, 0x00000000a4000000| Untracked 
|  25|0x00000000a4100000, 0x00000000a4200000, 0x00000000a4200000|100%|HS|  |TAMS 0x00000000a4100000, 0x00000000a4100000| Complete 
|  26|0x00000000a4200000, 0x00000000a4300000, 0x00000000a4300000|100%| O|  |TAMS 0x00000000a4200000, 0x00000000a4200000| Untracked 
|  27|0x00000000a4300000, 0x00000000a4400000, 0x00000000a4400000|100%| O|  |TAMS 0x00000000a4300000, 0x00000000a4300000| Untracked 
|  28|0x00000000a4400000, 0x00000000a4500000, 0x00000000a4500000|100%|HS|  |TAMS 0x00000000a4400000, 0x00000000a4400000| Complete 
|  29|0x00000000a4500000, 0x00000000a4600000, 0x00000000a4600000|100%|HC|  |TAMS 0x00000000a4500000, 0x00000000a4500000| Complete 
|  30|0x00000000a4600000, 0x00000000a4700000, 0x00000000a4700000|100%|HC|  |TAMS 0x00000000a4600000, 0x00000000a4600000| Complete 
|  31|0x00000000a4700000, 0x00000000a4800000, 0x00000000a4800000|100%|HC|  |TAMS 0x00000000a4700000, 0x00000000a4700000| Complete 
|  32|0x00000000a4800000, 0x00000000a4900000, 0x00000000a4900000|100%|HC|  |TAMS 0x00000000a4800000, 0x00000000a4800000| Complete 
|  33|0x00000000a4900000, 0x00000000a4900000, 0x00000000a4a00000|  0%| F|  |TAMS 0x00000000a4900000, 0x00000000a4900000| Untracked 
|  34|0x00000000a4a00000, 0x00000000a4a00000, 0x00000000a4b00000|  0%| F|  |TAMS 0x00000000a4a00000, 0x00000000a4a00000| Untracked 
|  35|0x00000000a4b00000, 0x00000000a4b00000, 0x00000000a4c00000|  0%| F|  |TAMS 0x00000000a4b00000, 0x00000000a4b00000| Untracked 
|  36|0x00000000a4c00000, 0x00000000a4c00000, 0x00000000a4d00000|  0%| F|  |TAMS 0x00000000a4c00000, 0x00000000a4c00000| Untracked 
|  37|0x00000000a4d00000, 0x00000000a4d00000, 0x00000000a4e00000|  0%| F|  |TAMS 0x00000000a4d00000, 0x00000000a4d00000| Untracked 
|  38|0x00000000a4e00000, 0x00000000a4e00000, 0x00000000a4f00000|  0%| F|  |TAMS 0x00000000a4e00000, 0x00000000a4e00000| Untracked 
|  39|0x00000000a4f00000, 0x00000000a4f00000, 0x00000000a5000000|  0%| F|  |TAMS 0x00000000a4f00000, 0x00000000a4f00000| Untracked 
|  40|0x00000000a5000000, 0x00000000a5000000, 0x00000000a5100000|  0%| F|  |TAMS 0x00000000a5000000, 0x00000000a5000000| Untracked 
|  41|0x00000000a5100000, 0x00000000a5100000, 0x00000000a5200000|  0%| F|  |TAMS 0x00000000a5100000, 0x00000000a5100000| Untracked 
|  42|0x00000000a5200000, 0x00000000a5200000, 0x00000000a5300000|  0%| F|  |TAMS 0x00000000a5200000, 0x00000000a5200000| Untracked 
|  43|0x00000000a5300000, 0x00000000a5300000, 0x00000000a5400000|  0%| F|  |TAMS 0x00000000a5300000, 0x00000000a5300000| Untracked 
|  44|0x00000000a5400000, 0x00000000a5400000, 0x00000000a5500000|  0%| F|  |TAMS 0x00000000a5400000, 0x00000000a5400000| Untracked 
|  45|0x00000000a5500000, 0x00000000a5500000, 0x00000000a5600000|  0%| F|  |TAMS 0x00000000a5500000, 0x00000000a5500000| Untracked 
|  46|0x00000000a5600000, 0x00000000a5600000, 0x00000000a5700000|  0%| F|  |TAMS 0x00000000a5600000, 0x00000000a5600000| Untracked 
|  47|0x00000000a5700000, 0x00000000a5700000, 0x00000000a5800000|  0%| F|  |TAMS 0x00000000a5700000, 0x00000000a5700000| Untracked 
|  48|0x00000000a5800000, 0x00000000a5800000, 0x00000000a5900000|  0%| F|  |TAMS 0x00000000a5800000, 0x00000000a5800000| Untracked 
|  49|0x00000000a5900000, 0x00000000a5900000, 0x00000000a5a00000|  0%| F|  |TAMS 0x00000000a5900000, 0x00000000a5900000| Untracked 
|  50|0x00000000a5a00000, 0x00000000a5a00000, 0x00000000a5b00000|  0%| F|  |TAMS 0x00000000a5a00000, 0x00000000a5a00000| Untracked 
|  51|0x00000000a5b00000, 0x00000000a5b00000, 0x00000000a5c00000|  0%| F|  |TAMS 0x00000000a5b00000, 0x00000000a5b00000| Untracked 
|  52|0x00000000a5c00000, 0x00000000a5c00000, 0x00000000a5d00000|  0%| F|  |TAMS 0x00000000a5c00000, 0x00000000a5c00000| Untracked 
|  53|0x00000000a5d00000, 0x00000000a5d00000, 0x00000000a5e00000|  0%| F|  |TAMS 0x00000000a5d00000, 0x00000000a5d00000| Untracked 
|  54|0x00000000a5e00000, 0x00000000a5e00000, 0x00000000a5f00000|  0%| F|  |TAMS 0x00000000a5e00000, 0x00000000a5e00000| Untracked 
|  55|0x00000000a5f00000, 0x00000000a5f00000, 0x00000000a6000000|  0%| F|  |TAMS 0x00000000a5f00000, 0x00000000a5f00000| Untracked 
|  56|0x00000000a6000000, 0x00000000a6000000, 0x00000000a6100000|  0%| F|  |TAMS 0x00000000a6000000, 0x00000000a6000000| Untracked 
|  57|0x00000000a6100000, 0x00000000a6100000, 0x00000000a6200000|  0%| F|  |TAMS 0x00000000a6100000, 0x00000000a6100000| Untracked 
|  58|0x00000000a6200000, 0x00000000a6200000, 0x00000000a6300000|  0%| F|  |TAMS 0x00000000a6200000, 0x00000000a6200000| Untracked 
|  59|0x00000000a6300000, 0x00000000a6300000, 0x00000000a6400000|  0%| F|  |TAMS 0x00000000a6300000, 0x00000000a6300000| Untracked 
|  60|0x00000000a6400000, 0x00000000a6400000, 0x00000000a6500000|  0%| F|  |TAMS 0x00000000a6400000, 0x00000000a6400000| Untracked 
|  61|0x00000000a6500000, 0x00000000a6500000, 0x00000000a6600000|  0%| F|  |TAMS 0x00000000a6500000, 0x00000000a6500000| Untracked 
|  62|0x00000000a6600000, 0x00000000a6600000, 0x00000000a6700000|  0%| F|  |TAMS 0x00000000a6600000, 0x00000000a6600000| Untracked 
|  63|0x00000000a6700000, 0x00000000a6700000, 0x00000000a6800000|  0%| F|  |TAMS 0x00000000a6700000, 0x00000000a6700000| Untracked 
|  64|0x00000000a6800000, 0x00000000a6800000, 0x00000000a6900000|  0%| F|  |TAMS 0x00000000a6800000, 0x00000000a6800000| Untracked 
|  65|0x00000000a6900000, 0x00000000a6900000, 0x00000000a6a00000|  0%| F|  |TAMS 0x00000000a6900000, 0x00000000a6900000| Untracked 
|  66|0x00000000a6a00000, 0x00000000a6a00000, 0x00000000a6b00000|  0%| F|  |TAMS 0x00000000a6a00000, 0x00000000a6a00000| Untracked 
|  67|0x00000000a6b00000, 0x00000000a6b00000, 0x00000000a6c00000|  0%| F|  |TAMS 0x00000000a6b00000, 0x00000000a6b00000| Untracked 
|  68|0x00000000a6c00000, 0x00000000a6c00000, 0x00000000a6d00000|  0%| F|  |TAMS 0x00000000a6c00000, 0x00000000a6c00000| Untracked 
|  69|0x00000000a6d00000, 0x00000000a6d00000, 0x00000000a6e00000|  0%| F|  |TAMS 0x00000000a6d00000, 0x00000000a6d00000| Untracked 
|  70|0x00000000a6e00000, 0x00000000a6e00000, 0x00000000a6f00000|  0%| F|  |TAMS 0x00000000a6e00000, 0x00000000a6e00000| Untracked 
|  71|0x00000000a6f00000, 0x00000000a6f00000, 0x00000000a7000000|  0%| F|  |TAMS 0x00000000a6f00000, 0x00000000a6f00000| Untracked 
|  72|0x00000000a7000000, 0x00000000a7000000, 0x00000000a7100000|  0%| F|  |TAMS 0x00000000a7000000, 0x00000000a7000000| Untracked 
|  73|0x00000000a7100000, 0x00000000a7100000, 0x00000000a7200000|  0%| F|  |TAMS 0x00000000a7100000, 0x00000000a7100000| Untracked 
|  74|0x00000000a7200000, 0x00000000a7200000, 0x00000000a7300000|  0%| F|  |TAMS 0x00000000a7200000, 0x00000000a7200000| Untracked 
|  75|0x00000000a7300000, 0x00000000a7300000, 0x00000000a7400000|  0%| F|  |TAMS 0x00000000a7300000, 0x00000000a7300000| Untracked 
|  76|0x00000000a7400000, 0x00000000a7400000, 0x00000000a7500000|  0%| F|  |TAMS 0x00000000a7400000, 0x00000000a7400000| Untracked 
|  77|0x00000000a7500000, 0x00000000a7500000, 0x00000000a7600000|  0%| F|  |TAMS 0x00000000a7500000, 0x00000000a7500000| Untracked 
|  78|0x00000000a7600000, 0x00000000a7684010, 0x00000000a7700000| 51%| E|  |TAMS 0x00000000a7600000, 0x00000000a7600000| Complete 
|  79|0x00000000a7700000, 0x00000000a7800000, 0x00000000a7800000|100%| E|CS|TAMS 0x00000000a7700000, 0x00000000a7700000| Complete 
|  80|0x00000000a7800000, 0x00000000a7900000, 0x00000000a7900000|100%| E|CS|TAMS 0x00000000a7800000, 0x00000000a7800000| Complete 
|  81|0x00000000a7900000, 0x00000000a7a00000, 0x00000000a7a00000|100%| E|CS|TAMS 0x00000000a7900000, 0x00000000a7900000| Complete 
|  82|0x00000000a7a00000, 0x00000000a7ac2438, 0x00000000a7b00000| 75%| S|CS|TAMS 0x00000000a7a00000, 0x00000000a7a00000| Complete 
|  83|0x00000000a7b00000, 0x00000000a7c00000, 0x00000000a7c00000|100%| S|CS|TAMS 0x00000000a7b00000, 0x00000000a7b00000| Complete 
|  84|0x00000000a7c00000, 0x00000000a7d00000, 0x00000000a7d00000|100%| S|CS|TAMS 0x00000000a7c00000, 0x00000000a7c00000| Complete 
|  85|0x00000000a7d00000, 0x00000000a7e00000, 0x00000000a7e00000|100%| S|CS|TAMS 0x00000000a7d00000, 0x00000000a7d00000| Complete 
|  86|0x00000000a7e00000, 0x00000000a7f00000, 0x00000000a7f00000|100%| E|CS|TAMS 0x00000000a7e00000, 0x00000000a7e00000| Complete 
|  87|0x00000000a7f00000, 0x00000000a8000000, 0x00000000a8000000|100%| E|CS|TAMS 0x00000000a7f00000, 0x00000000a7f00000| Complete 
|  88|0x00000000a8000000, 0x00000000a8100000, 0x00000000a8100000|100%| E|CS|TAMS 0x00000000a8000000, 0x00000000a8000000| Complete 
|  89|0x00000000a8100000, 0x00000000a8200000, 0x00000000a8200000|100%| E|CS|TAMS 0x00000000a8100000, 0x00000000a8100000| Complete 
|  90|0x00000000a8200000, 0x00000000a8300000, 0x00000000a8300000|100%| E|CS|TAMS 0x00000000a8200000, 0x00000000a8200000| Complete 
|  91|0x00000000a8300000, 0x00000000a8400000, 0x00000000a8400000|100%| E|CS|TAMS 0x00000000a8300000, 0x00000000a8300000| Complete 
|  92|0x00000000a8400000, 0x00000000a8500000, 0x00000000a8500000|100%| E|CS|TAMS 0x00000000a8400000, 0x00000000a8400000| Complete 
|  93|0x00000000a8500000, 0x00000000a8600000, 0x00000000a8600000|100%| E|CS|TAMS 0x00000000a8500000, 0x00000000a8500000| Complete 
|  94|0x00000000a8600000, 0x00000000a8700000, 0x00000000a8700000|100%| E|CS|TAMS 0x00000000a8600000, 0x00000000a8600000| Complete 
|  95|0x00000000a8700000, 0x00000000a8800000, 0x00000000a8800000|100%| E|CS|TAMS 0x00000000a8700000, 0x00000000a8700000| Complete 
|  96|0x00000000a8800000, 0x00000000a8900000, 0x00000000a8900000|100%| E|CS|TAMS 0x00000000a8800000, 0x00000000a8800000| Complete 
|  97|0x00000000a8900000, 0x00000000a8a00000, 0x00000000a8a00000|100%| E|CS|TAMS 0x00000000a8900000, 0x00000000a8900000| Complete 
|  98|0x00000000a8a00000, 0x00000000a8b00000, 0x00000000a8b00000|100%| E|CS|TAMS 0x00000000a8a00000, 0x00000000a8a00000| Complete 
|  99|0x00000000a8b00000, 0x00000000a8c00000, 0x00000000a8c00000|100%| E|CS|TAMS 0x00000000a8b00000, 0x00000000a8b00000| Complete 
| 100|0x00000000a8c00000, 0x00000000a8d00000, 0x00000000a8d00000|100%| E|CS|TAMS 0x00000000a8c00000, 0x00000000a8c00000| Complete 
| 101|0x00000000a8d00000, 0x00000000a8e00000, 0x00000000a8e00000|100%| E|CS|TAMS 0x00000000a8d00000, 0x00000000a8d00000| Complete 
| 102|0x00000000a8e00000, 0x00000000a8f00000, 0x00000000a8f00000|100%| E|CS|TAMS 0x00000000a8e00000, 0x00000000a8e00000| Complete 
| 103|0x00000000a8f00000, 0x00000000a9000000, 0x00000000a9000000|100%| E|CS|TAMS 0x00000000a8f00000, 0x00000000a8f00000| Complete 
| 104|0x00000000a9000000, 0x00000000a9100000, 0x00000000a9100000|100%| E|CS|TAMS 0x00000000a9000000, 0x00000000a9000000| Complete 
| 105|0x00000000a9100000, 0x00000000a9200000, 0x00000000a9200000|100%| E|CS|TAMS 0x00000000a9100000, 0x00000000a9100000| Complete 
| 106|0x00000000a9200000, 0x00000000a9300000, 0x00000000a9300000|100%| E|CS|TAMS 0x00000000a9200000, 0x00000000a9200000| Complete 
| 107|0x00000000a9300000, 0x00000000a9400000, 0x00000000a9400000|100%| E|CS|TAMS 0x00000000a9300000, 0x00000000a9300000| Complete 
| 108|0x00000000a9400000, 0x00000000a9500000, 0x00000000a9500000|100%| E|CS|TAMS 0x00000000a9400000, 0x00000000a9400000| Complete 
| 109|0x00000000a9500000, 0x00000000a9600000, 0x00000000a9600000|100%| E|CS|TAMS 0x00000000a9500000, 0x00000000a9500000| Complete 
| 110|0x00000000a9600000, 0x00000000a9700000, 0x00000000a9700000|100%| E|CS|TAMS 0x00000000a9600000, 0x00000000a9600000| Complete 
| 111|0x00000000a9700000, 0x00000000a9800000, 0x00000000a9800000|100%| E|CS|TAMS 0x00000000a9700000, 0x00000000a9700000| Complete 
| 112|0x00000000a9800000, 0x00000000a9900000, 0x00000000a9900000|100%| E|CS|TAMS 0x00000000a9800000, 0x00000000a9800000| Complete 
| 113|0x00000000a9900000, 0x00000000a9a00000, 0x00000000a9a00000|100%| E|CS|TAMS 0x00000000a9900000, 0x00000000a9900000| Complete 
|1492|0x00000000ffc00000, 0x00000000ffd00000, 0x00000000ffd00000|100%| O|  |TAMS 0x00000000ffd00000, 0x00000000ffc00000| Untracked 
|1493|0x00000000ffd00000, 0x00000000ffe00000, 0x00000000ffe00000|100%| O|  |TAMS 0x00000000ffe00000, 0x00000000ffd00000| Untracked 
|1494|0x00000000ffe00000, 0x00000000fff00000, 0x00000000fff00000|100%| O|  |TAMS 0x00000000fff00000, 0x00000000ffe00000| Untracked 
|1495|0x00000000fff00000, 0x0000000100000000, 0x0000000100000000|100%| O|  |TAMS 0x0000000100000000, 0x00000000fff00000| Untracked 

Card table byte_map: [0x00000189b58f0000,0x00000189b5be0000] _byte_map_base: 0x00000189b53dc000

Marking Bits (Prev, Next): (CMBitMap*) 0x00000189a2a4ed90, (CMBitMap*) 0x00000189a2a4edd0
 Prev Bits: [0x00000189b5ed0000, 0x00000189b7630000)
 Next Bits: [0x00000189b7630000, 0x00000189b8d90000)

Polling page: 0x00000189a21c0000

Metaspace:

Usage:
  Non-class:     33.09 MB used.
      Class:      4.23 MB used.
       Both:     37.32 MB used.

Virtual space:
  Non-class space:       64.00 MB reserved,      33.25 MB ( 52%) committed,  1 nodes.
      Class space:        1.00 GB reserved,       4.38 MB ( <1%) committed,  1 nodes.
             Both:        1.06 GB reserved,      37.62 MB (  3%) committed. 

Chunk freelists:
   Non-Class:  14.80 MB
       Class:  11.50 MB
        Both:  26.30 MB

MaxMetaspaceSize: unlimited
CompressedClassSpaceSize: 1.00 GB
Initial GC threshold: 21.00 MB
Current GC threshold: 43.69 MB
CDS: off
MetaspaceReclaimPolicy: balanced
 - commit_granule_bytes: 65536.
 - commit_granule_words: 8192.
 - virtual_space_node_default_size: 8388608.
 - enlarge_chunks_in_place: 1.
 - new_chunks_are_fully_committed: 0.
 - uncommit_free_chunks: 1.
 - use_allocation_guard: 0.
 - handle_deallocations: 1.


Internal statistics:

num_allocs_failed_limit: 3.
num_arena_births: 318.
num_arena_deaths: 0.
num_vsnodes_births: 2.
num_vsnodes_deaths: 0.
num_space_committed: 602.
num_space_uncommitted: 0.
num_chunks_returned_to_freelist: 3.
num_chunks_taken_from_freelist: 1042.
num_chunk_merges: 0.
num_chunk_splits: 707.
num_chunks_enlarged: 538.
num_inconsistent_stats: 0.

CodeHeap 'non-profiled nmethods': size=120000Kb used=1837Kb max_used=1837Kb free=118162Kb
 bounds [0x00000189adb80000, 0x00000189addf0000, 0x00000189b50b0000]
CodeHeap 'profiled nmethods': size=120000Kb used=7105Kb max_used=7105Kb free=112895Kb
 bounds [0x00000189a60b0000, 0x00000189a67b0000, 0x00000189ad5e0000]
CodeHeap 'non-nmethods': size=5760Kb used=1311Kb max_used=1333Kb free=4448Kb
 bounds [0x00000189ad5e0000, 0x00000189ad850000, 0x00000189adb80000]
 total_blobs=4249 nmethods=3620 adapters=541
 compilation: enabled
              stopped_count=0, restarted_count=0
 full_count=0

Compilation events (20 events):
Event: 26.768 Thread 0x00000189bbb49bd0 3596       3       java.util.regex.Pattern$BmpCharPredicate$$Lambda$41/0x00000001000f0d20::is (15 bytes)
Event: 26.769 Thread 0x00000189bbb49bd0 nmethod 3596 0x00000189a6791990 code [0x00000189a6791b60, 0x00000189a6791fb8]
Event: 26.769 Thread 0x00000189bbb49bd0 3598       3       java.lang.Character::charCount (12 bytes)
Event: 26.769 Thread 0x00000189bbb49bd0 nmethod 3598 0x00000189a6792110 code [0x00000189a67922a0, 0x00000189a6792418]
Event: 26.769 Thread 0x00000189bbb49bd0 3597       3       java.util.regex.Pattern$BmpCharPredicate::lambda$union$2 (26 bytes)
Event: 26.769 Thread 0x00000189bbb49bd0 nmethod 3597 0x00000189a6792490 code [0x00000189a6792640, 0x00000189a6792978]
Event: 26.769 Thread 0x00000189bbb49bd0 3600       3       java.util.regex.Pattern::inRange (16 bytes)
Event: 26.769 Thread 0x00000189bbb49bd0 nmethod 3600 0x00000189a6792a90 code [0x00000189a6792c20, 0x00000189a6792d98]
Event: 26.769 Thread 0x00000189bbb49bd0 3601       3       java.util.regex.Pattern$$Lambda$40/0x00000001000f0aa0::is (13 bytes)
Event: 26.770 Thread 0x00000189bbb49bd0 nmethod 3601 0x00000189a6792e10 code [0x00000189a6792fc0, 0x00000189a6793218]
Event: 26.770 Thread 0x00000189bbb49bd0 3602       3       java.util.regex.Pattern::lambda$Range$10 (7 bytes)
Event: 26.770 Thread 0x00000189bbb49bd0 nmethod 3602 0x00000189a6793310 code [0x00000189a67934a0, 0x00000189a6793678]
Event: 26.783 Thread 0x00000189bbb49bd0 3603       3       java.lang.invoke.MethodType::methodType (14 bytes)
Event: 26.783 Thread 0x00000189bbb49bd0 nmethod 3603 0x00000189a6793710 code [0x00000189a67938c0, 0x00000189a6793be8]
Event: 26.786 Thread 0x00000189bbb49bd0 3604       3       java.lang.invoke.LambdaFormEditor$TransformKey::of (49 bytes)
Event: 26.787 Thread 0x00000189bbb49bd0 nmethod 3604 0x00000189a6793d10 code [0x00000189a6793f00, 0x00000189a6794538]
Event: 26.787 Thread 0x00000189bbb49bd0 3605       3       java.lang.invoke.LambdaFormEditor$TransformKey::packedBytes (32 bytes)
Event: 26.787 Thread 0x00000189bbb49bd0 nmethod 3605 0x00000189a6794790 code [0x00000189a6794920, 0x00000189a6794a38]
Event: 26.787 Thread 0x00000189bbb49bd0 3606       3       java.lang.invoke.DirectMethodHandle$Holder::invokeStatic (17 bytes)
Event: 26.787 Thread 0x00000189bbb49bd0 nmethod 3606 0x00000189a6794b10 code [0x00000189a6794ce0, 0x00000189a67951b8]

GC Heap History (16 events):
Event: 1.902 GC heap before
{Heap before GC invocations=0 (full 0):
 garbage-first heap   total 96256K, used 24576K [0x00000000a2800000, 0x0000000100000000)
  region size 1024K, 23 young (23552K), 0 survivors (0K)
 Metaspace       used 14399K, committed 14592K, reserved 1114112K
  class space    used 1397K, committed 1472K, reserved 1048576K
}
Event: 1.910 GC heap after
{Heap after GC invocations=1 (full 0):
 garbage-first heap   total 96256K, used 8025K [0x00000000a2800000, 0x0000000100000000)
  region size 1024K, 3 young (3072K), 3 survivors (3072K)
 Metaspace       used 14399K, committed 14592K, reserved 1114112K
  class space    used 1397K, committed 1472K, reserved 1048576K
}
Event: 2.556 GC heap before
{Heap before GC invocations=1 (full 0):
 garbage-first heap   total 96256K, used 31577K [0x00000000a2800000, 0x0000000100000000)
  region size 1024K, 26 young (26624K), 3 survivors (3072K)
 Metaspace       used 20182K, committed 20480K, reserved 1114112K
  class space    used 2020K, committed 2176K, reserved 1048576K
}
Event: 2.564 GC heap after
{Heap after GC invocations=2 (full 0):
 garbage-first heap   total 96256K, used 11814K [0x00000000a2800000, 0x0000000100000000)
  region size 1024K, 4 young (4096K), 4 survivors (4096K)
 Metaspace       used 20182K, committed 20480K, reserved 1114112K
  class space    used 2020K, committed 2176K, reserved 1048576K
}
Event: 2.695 GC heap before
{Heap before GC invocations=2 (full 0):
 garbage-first heap   total 96256K, used 17958K [0x00000000a2800000, 0x0000000100000000)
  region size 1024K, 11 young (11264K), 4 survivors (4096K)
 Metaspace       used 21203K, committed 21504K, reserved 1114112K
  class space    used 2134K, committed 2304K, reserved 1048576K
}
Event: 2.700 GC heap after
{Heap after GC invocations=3 (full 0):
 garbage-first heap   total 96256K, used 12625K [0x00000000a2800000, 0x0000000100000000)
  region size 1024K, 1 young (1024K), 1 survivors (1024K)
 Metaspace       used 21203K, committed 21504K, reserved 1114112K
  class space    used 2134K, committed 2304K, reserved 1048576K
}
Event: 6.825 GC heap before
{Heap before GC invocations=4 (full 0):
 garbage-first heap   total 48128K, used 39249K [0x00000000a2800000, 0x0000000100000000)
  region size 1024K, 19 young (19456K), 1 survivors (1024K)
 Metaspace       used 26489K, committed 26752K, reserved 1114112K
  class space    used 2768K, committed 2880K, reserved 1048576K
}
Event: 6.836 GC heap after
{Heap after GC invocations=5 (full 0):
 garbage-first heap   total 52224K, used 22905K [0x00000000a2800000, 0x0000000100000000)
  region size 1024K, 6 young (6144K), 6 survivors (6144K)
 Metaspace       used 26489K, committed 26752K, reserved 1114112K
  class space    used 2768K, committed 2880K, reserved 1048576K
}
Event: 6.842 GC heap before
{Heap before GC invocations=5 (full 0):
 garbage-first heap   total 52224K, used 23929K [0x00000000a2800000, 0x0000000100000000)
  region size 1024K, 7 young (7168K), 6 survivors (6144K)
 Metaspace       used 26490K, committed 26752K, reserved 1114112K
  class space    used 2768K, committed 2880K, reserved 1048576K
}
Event: 6.850 GC heap after
{Heap after GC invocations=6 (full 0):
 garbage-first heap   total 52224K, used 24388K [0x00000000a2800000, 0x0000000100000000)
  region size 1024K, 1 young (1024K), 1 survivors (1024K)
 Metaspace       used 26490K, committed 26752K, reserved 1114112K
  class space    used 2768K, committed 2880K, reserved 1048576K
}
Event: 6.892 GC heap before
{Heap before GC invocations=6 (full 0):
 garbage-first heap   total 52224K, used 31556K [0x00000000a2800000, 0x0000000100000000)
  region size 1024K, 9 young (9216K), 1 survivors (1024K)
 Metaspace       used 26490K, committed 26752K, reserved 1114112K
  class space    used 2768K, committed 2880K, reserved 1048576K
}
Event: 6.900 GC heap after
{Heap after GC invocations=7 (full 0):
 garbage-first heap   total 52224K, used 31232K [0x00000000a2800000, 0x0000000100000000)
  region size 1024K, 2 young (2048K), 2 survivors (2048K)
 Metaspace       used 26490K, committed 26752K, reserved 1114112K
  class space    used 2768K, committed 2880K, reserved 1048576K
}
Event: 6.969 GC heap before
{Heap before GC invocations=8 (full 0):
 garbage-first heap   total 56320K, used 35328K [0x00000000a2800000, 0x0000000100000000)
  region size 1024K, 6 young (6144K), 2 survivors (2048K)
 Metaspace       used 26554K, committed 26816K, reserved 1114112K
  class space    used 2768K, committed 2880K, reserved 1048576K
}
Event: 6.973 GC heap after
{Heap after GC invocations=9 (full 0):
 garbage-first heap   total 120832K, used 33792K [0x00000000a2800000, 0x0000000100000000)
  region size 1024K, 1 young (1024K), 1 survivors (1024K)
 Metaspace       used 26554K, committed 26816K, reserved 1114112K
  class space    used 2768K, committed 2880K, reserved 1048576K
}
Event: 11.010 GC heap before
{Heap before GC invocations=9 (full 0):
 garbage-first heap   total 120832K, used 62464K [0x00000000a2800000, 0x0000000100000000)
  region size 1024K, 29 young (29696K), 1 survivors (1024K)
 Metaspace       used 31429K, committed 31616K, reserved 1114112K
  class space    used 3378K, committed 3456K, reserved 1048576K
}
Event: 11.015 GC heap after
{Heap after GC invocations=10 (full 0):
 garbage-first heap   total 120832K, used 36617K [0x00000000a2800000, 0x0000000100000000)
  region size 1024K, 4 young (4096K), 4 survivors (4096K)
 Metaspace       used 31429K, committed 31616K, reserved 1114112K
  class space    used 3378K, committed 3456K, reserved 1048576K
}

Dll operation events (9 events):
Event: 0.012 Loaded shared library C:\Users\daach\.p2\pool\plugins\org.eclipse.justj.openjdk.hotspot.jre.full.win32.x86_64_17.0.7.v20230425-1502\jre\bin\java.dll
Event: 0.126 Loaded shared library C:\Users\daach\.p2\pool\plugins\org.eclipse.justj.openjdk.hotspot.jre.full.win32.x86_64_17.0.7.v20230425-1502\jre\bin\net.dll
Event: 0.128 Loaded shared library C:\Users\daach\.p2\pool\plugins\org.eclipse.justj.openjdk.hotspot.jre.full.win32.x86_64_17.0.7.v20230425-1502\jre\bin\nio.dll
Event: 0.135 Loaded shared library C:\Users\daach\.p2\pool\plugins\org.eclipse.justj.openjdk.hotspot.jre.full.win32.x86_64_17.0.7.v20230425-1502\jre\bin\zip.dll
Event: 0.558 Loaded shared library C:\Users\daach\.p2\pool\plugins\org.eclipse.justj.openjdk.hotspot.jre.full.win32.x86_64_17.0.7.v20230425-1502\jre\bin\management.dll
Event: 0.613 Loaded shared library C:\Users\daach\.p2\pool\plugins\org.eclipse.justj.openjdk.hotspot.jre.full.win32.x86_64_17.0.7.v20230425-1502\jre\bin\management_ext.dll
Event: 0.641 Loaded shared library C:\Users\daach\.p2\pool\plugins\org.eclipse.justj.openjdk.hotspot.jre.full.win32.x86_64_17.0.7.v20230425-1502\jre\bin\jimage.dll
Event: 2.435 Loaded shared library C:\Users\daach\.p2\pool\plugins\org.eclipse.justj.openjdk.hotspot.jre.full.win32.x86_64_17.0.7.v20230425-1502\jre\bin\verify.dll
Event: 2.979 Loaded shared library C:\Users\daach\.p2\pool\plugins\org.eclipse.justj.openjdk.hotspot.jre.full.win32.x86_64_17.0.7.v20230425-1502\jre\bin\sunmscapi.dll

Deoptimization events (20 events):
Event: 15.727 Thread 0x00000189a2a04060 DEOPT PACKING pc=0x00000189adcfcda4 sp=0x00000061964fd4a0
Event: 15.727 Thread 0x00000189a2a04060 DEOPT UNPACKING pc=0x00000189ad6369a3 sp=0x00000061964fd420 mode 2
Event: 15.902 Thread 0x00000189a2a04060 Uncommon trap: trap_request=0xffffff45 fr.pc=0x00000189adc37c8c relative=0x000000000000008c
Event: 15.903 Thread 0x00000189a2a04060 Uncommon trap: reason=unstable_if action=reinterpret pc=0x00000189adc37c8c method=java.lang.Math.floorMod(JJ)J @ 10 c2
Event: 15.903 Thread 0x00000189a2a04060 DEOPT PACKING pc=0x00000189adc37c8c sp=0x00000061964fccd0
Event: 15.903 Thread 0x00000189a2a04060 DEOPT UNPACKING pc=0x00000189ad6369a3 sp=0x00000061964fcc60 mode 2
Event: 15.939 Thread 0x00000189a2a04060 DEOPT PACKING pc=0x00000189a6646ad9 sp=0x00000061964fda20
Event: 15.939 Thread 0x00000189a2a04060 DEOPT UNPACKING pc=0x00000189ad637143 sp=0x00000061964fcf10 mode 0
Event: 24.685 Thread 0x00000189a2a04060 Uncommon trap: trap_request=0xffffff45 fr.pc=0x00000189add1fc7c relative=0x000000000000633c
Event: 24.685 Thread 0x00000189a2a04060 Uncommon trap: reason=unstable_if action=reinterpret pc=0x00000189add1fc7c method=jdk.internal.org.objectweb.asm.Frame.execute(IILjdk/internal/org/objectweb/asm/Symbol;Ljdk/internal/org/objectweb/asm/SymbolTable;)V @ 1 c2
Event: 24.685 Thread 0x00000189a2a04060 DEOPT PACKING pc=0x00000189add1fc7c sp=0x00000061964fce00
Event: 24.685 Thread 0x00000189a2a04060 DEOPT UNPACKING pc=0x00000189ad6369a3 sp=0x00000061964fcdb8 mode 2
Event: 25.757 Thread 0x00000189a2a04060 Uncommon trap: trap_request=0xffffff45 fr.pc=0x00000189adbbd2f8 relative=0x00000000000012b8
Event: 25.757 Thread 0x00000189a2a04060 Uncommon trap: reason=unstable_if action=reinterpret pc=0x00000189adbbd2f8 method=java.util.jar.JarFile.getVersionedEntry(Ljava/lang/String;Ljava/util/jar/JarEntry;)Ljava/util/jar/JarEntry; @ 26 c2
Event: 25.757 Thread 0x00000189a2a04060 DEOPT PACKING pc=0x00000189adbbd2f8 sp=0x00000061964fbe80
Event: 25.757 Thread 0x00000189a2a04060 DEOPT UNPACKING pc=0x00000189ad6369a3 sp=0x00000061964fbe10 mode 2
Event: 26.735 Thread 0x00000189a2a04060 Uncommon trap: trap_request=0xffffff45 fr.pc=0x00000189adc486b8 relative=0x0000000000000038
Event: 26.735 Thread 0x00000189a2a04060 Uncommon trap: reason=unstable_if action=reinterpret pc=0x00000189adc486b8 method=java.lang.Character.charCount(I)I @ 3 c2
Event: 26.735 Thread 0x00000189a2a04060 DEOPT PACKING pc=0x00000189adc486b8 sp=0x00000061964fdfe0
Event: 26.735 Thread 0x00000189a2a04060 DEOPT UNPACKING pc=0x00000189ad6369a3 sp=0x00000061964fdf68 mode 2

Classes unloaded (0 events):
No events

Classes redefined (0 events):
No events

Internal exceptions (20 events):
Event: 11.902 Thread 0x00000189c1415090 Exception <a 'java/net/SocketException'{0x00000000a9649da8}: Socket is not connected: shutdown> (0x00000000a9649da8) 
thrown [s\src\hotspot\share\prims\jni.cpp, line 535]
Event: 12.244 Thread 0x00000189c1415090 Exception <a 'java/net/ConnectException'{0x00000000a964ad40}: Connection refused: no further information> (0x00000000a964ad40) 
thrown [s\src\hotspot\share\prims\jni.cpp, line 535]
Event: 12.244 Thread 0x00000189c1415090 Exception <a 'java/net/SocketException'{0x00000000a964b078}: Socket is not connected: shutdown> (0x00000000a964b078) 
thrown [s\src\hotspot\share\prims\jni.cpp, line 535]
Event: 12.576 Thread 0x00000189c1415090 Exception <a 'java/net/ConnectException'{0x00000000a964c010}: Connection refused: no further information> (0x00000000a964c010) 
thrown [s\src\hotspot\share\prims\jni.cpp, line 535]
Event: 12.576 Thread 0x00000189c1415090 Exception <a 'java/net/SocketException'{0x00000000a964c348}: Socket is not connected: shutdown> (0x00000000a964c348) 
thrown [s\src\hotspot\share\prims\jni.cpp, line 535]
Event: 12.921 Thread 0x00000189c1415090 Exception <a 'java/net/ConnectException'{0x00000000a964d2e0}: Connection refused: no further information> (0x00000000a964d2e0) 
thrown [s\src\hotspot\share\prims\jni.cpp, line 535]
Event: 12.921 Thread 0x00000189c1415090 Exception <a 'java/net/SocketException'{0x00000000a964d618}: Socket is not connected: shutdown> (0x00000000a964d618) 
thrown [s\src\hotspot\share\prims\jni.cpp, line 535]
Event: 13.251 Thread 0x00000189c1415090 Implicit null exception at 0x00000189adcd6fef to 0x00000189adcd708c
Event: 13.272 Thread 0x00000189a2a04060 Exception <a 'java/lang/NoSuchMethodError'{0x00000000a96f8570}: 'double java.lang.invoke.DirectMethodHandle$Holder.invokeVirtual(java.lang.Object, java.lang.Object)'> (0x00000000a96f8570) 
thrown [s\src\hotspot\share\interpreter\linkResolver.cpp, line 759]
Event: 13.273 Thread 0x00000189a2a04060 Exception <a 'java/lang/NoSuchMethodError'{0x00000000a96fed18}: 'float java.lang.invoke.DirectMethodHandle$Holder.invokeVirtual(java.lang.Object, java.lang.Object)'> (0x00000000a96fed18) 
thrown [s\src\hotspot\share\interpreter\linkResolver.cpp, line 759]
Event: 13.274 Thread 0x00000189a2a04060 Exception <a 'java/lang/NoSuchMethodError'{0x00000000a9508190}: 'long java.lang.invoke.DirectMethodHandle$Holder.invokeVirtual(java.lang.Object, java.lang.Object)'> (0x00000000a9508190) 
thrown [s\src\hotspot\share\interpreter\linkResolver.cpp, line 759]
Event: 13.309 Thread 0x00000189a2a04060 Exception <a 'java/lang/NoSuchMethodError'{0x00000000a945b078}: 'java.lang.Object java.lang.invoke.DirectMethodHandle$Holder.newInvokeSpecial(java.lang.Object, java.lang.Object, int, int)'> (0x00000000a945b078) 
thrown [s\src\hotspot\share\interpreter\linkResolver.cpp, line 759]
Event: 13.309 Thread 0x00000189a2a04060 Exception <a 'java/lang/NoSuchMethodError'{0x00000000a9465dc0}: 'void java.lang.invoke.DirectMethodHandle$Holder.invokeStatic(java.lang.Object, java.lang.Object, int)'> (0x00000000a9465dc0) 
thrown [s\src\hotspot\share\interpreter\linkResolver.cpp, line 759]
Event: 13.370 Thread 0x00000189a2a04060 Exception <a 'java/lang/NoSuchMethodError'{0x00000000a91267e8}: 'int java.lang.invoke.DirectMethodHandle$Holder.invokeSpecialIFC(java.lang.Object, java.lang.Object, java.lang.Object)'> (0x00000000a91267e8) 
thrown [s\src\hotspot\share\interpreter\linkResolver.cpp, line 759]
Event: 13.458 Thread 0x00000189a2a04060 Exception <a 'java/lang/NoSuchMethodError'{0x00000000a8e0f2e0}: 'void java.lang.invoke.DirectMethodHandle$Holder.invokeSpecial(java.lang.Object, java.lang.Object, java.lang.Object, java.lang.Object, java.lang.Object, java.lang.Object)'> (0x00000000a8e0f2e0) 
thrown [s\src\hotspot\share\interpreter\linkResolver.cpp, line 759]
Event: 15.708 Thread 0x00000189a2a04060 Exception <a 'java/lang/NoSuchMethodError'{0x00000000a8639eb8}: 'java.lang.Object java.lang.invoke.DirectMethodHandle$Holder.invokeSpecialIFC(java.lang.Object, java.lang.Object, java.lang.Object)'> (0x00000000a8639eb8) 
thrown [s\src\hotspot\share\interpreter\linkResolver.cpp, line 759]
Event: 15.752 Thread 0x00000189a2a04060 Exception <a 'java/lang/NoSuchMethodError'{0x00000000a8574bc8}: 'void java.lang.invoke.DirectMethodHandle$Holder.invokeSpecial(java.lang.Object, java.lang.Object, java.lang.Object, java.lang.Object, java.lang.Object)'> (0x00000000a8574bc8) 
thrown [s\src\hotspot\share\interpreter\linkResolver.cpp, line 759]
Event: 15.905 Thread 0x00000189a2a04060 Exception <a 'java/lang/NoSuchMethodError'{0x00000000a829e4d8}: 'java.lang.Object java.lang.invoke.DirectMethodHandle$Holder.invokeStatic(java.lang.Object, int, java.lang.Object)'> (0x00000000a829e4d8) 
thrown [s\src\hotspot\share\interpreter\linkResolver.cpp, line 759]
Event: 15.914 Thread 0x00000189a2a04060 Exception <a 'java/lang/ClassNotFoundException'{0x00000000a82b1c38}: sun/util/logging/resources/spi/loggingProvider> (0x00000000a82b1c38) 
thrown [s\src\hotspot\share\classfile\systemDictionary.cpp, line 256]
Event: 24.631 Thread 0x00000189a2a04060 Exception <a 'java/lang/NoSuchMethodError'{0x00000000a8094500}: 'void java.lang.invoke.DirectMethodHandle$Holder.invokeInterface(java.lang.Object, java.lang.Object)'> (0x00000000a8094500) 
thrown [s\src\hotspot\share\interpreter\linkResolver.cpp, line 759]

VM Operations (20 events):
Event: 12.026 Executing VM operation: Cleanup
Event: 12.027 Executing VM operation: Cleanup done
Event: 13.253 Executing VM operation: HandshakeAllThreads
Event: 13.253 Executing VM operation: HandshakeAllThreads done
Event: 13.253 Executing VM operation: Cleanup
Event: 13.253 Executing VM operation: Cleanup done
Event: 13.254 Executing VM operation: HandshakeAllThreads
Event: 13.254 Executing VM operation: HandshakeAllThreads done
Event: 13.256 Executing VM operation: HandshakeAllThreads
Event: 13.256 Executing VM operation: HandshakeAllThreads done
Event: 14.264 Executing VM operation: Cleanup
Event: 14.264 Executing VM operation: Cleanup done
Event: 15.278 Executing VM operation: Cleanup
Event: 15.278 Executing VM operation: Cleanup done
Event: 16.282 Executing VM operation: Cleanup
Event: 16.282 Executing VM operation: Cleanup done
Event: 25.345 Executing VM operation: Cleanup
Event: 25.345 Executing VM operation: Cleanup done
Event: 26.358 Executing VM operation: Cleanup
Event: 26.359 Executing VM operation: Cleanup done

Events (20 events):
Event: 24.675 loading class java/lang/annotation/ElementType
Event: 24.676 loading class java/lang/annotation/ElementType done
Event: 24.688 loading class jdk/internal/reflect/UnsafeObjectFieldAccessorImpl
Event: 24.688 loading class jdk/internal/reflect/UnsafeObjectFieldAccessorImpl done
Event: 24.688 loading class java/util/AbstractList$ListItr
Event: 24.688 loading class java/util/AbstractList$ListItr done
Event: 24.793 loading class java/net/URLEncoder
Event: 24.793 loading class java/net/URLEncoder done
Event: 25.684 loading class java/time/Clock$SystemClock
Event: 25.684 loading class java/time/Clock$SystemClock done
Event: 26.738 loading class java/io/FileWriter
Event: 26.738 loading class java/io/FileWriter done
Event: 26.762 loading class java/net/InetAddress$CachedLocalHost
Event: 26.763 loading class java/net/InetAddress$CachedLocalHost done
Event: 26.765 loading class java/text/StringCharacterIterator
Event: 26.765 loading class java/text/CharacterIterator
Event: 26.765 loading class java/text/CharacterIterator done
Event: 26.765 loading class java/text/StringCharacterIterator done
Event: 26.781 loading class java/util/concurrent/ConcurrentHashMap$KeySpliterator
Event: 26.782 loading class java/util/concurrent/ConcurrentHashMap$KeySpliterator done


Dynamic libraries:
0x00007ff64bfb0000 - 0x00007ff64bfbe000 	C:\Users\daach\.p2\pool\plugins\org.eclipse.justj.openjdk.hotspot.jre.full.win32.x86_64_17.0.7.v20230425-1502\jre\bin\java.exe
0x00007ffd01df0000 - 0x00007ffd02007000 	C:\WINDOWS\SYSTEM32\ntdll.dll
0x00007ffd007f0000 - 0x00007ffd008b4000 	C:\WINDOWS\System32\KERNEL32.DLL
0x00007ffcff670000 - 0x00007ffcffa16000 	C:\WINDOWS\System32\KERNELBASE.dll
0x00007ffcff550000 - 0x00007ffcff661000 	C:\WINDOWS\System32\ucrtbase.dll
0x00007ffcf6da0000 - 0x00007ffcf6db9000 	C:\Users\daach\.p2\pool\plugins\org.eclipse.justj.openjdk.hotspot.jre.full.win32.x86_64_17.0.7.v20230425-1502\jre\bin\VCRUNTIME140.dll
0x00007ffcf9190000 - 0x00007ffcf91a7000 	C:\Users\daach\.p2\pool\plugins\org.eclipse.justj.openjdk.hotspot.jre.full.win32.x86_64_17.0.7.v20230425-1502\jre\bin\jli.dll
0x00007ffd008c0000 - 0x00007ffd00a6e000 	C:\WINDOWS\System32\USER32.dll
0x00007ffcff4f0000 - 0x00007ffcff516000 	C:\WINDOWS\System32\win32u.dll
0x00007ffcf2b70000 - 0x00007ffcf2e03000 	C:\WINDOWS\WinSxS\amd64_microsoft.windows.common-controls_6595b64144ccf1df_6.0.22621.2506_none_270c5ae97388e100\COMCTL32.dll
0x00007ffcfffc0000 - 0x00007ffcfffe9000 	C:\WINDOWS\System32\GDI32.dll
0x00007ffd00c80000 - 0x00007ffd00d27000 	C:\WINDOWS\System32\msvcrt.dll
0x00007ffcffa20000 - 0x00007ffcffb38000 	C:\WINDOWS\System32\gdi32full.dll
0x00007ffcff1b0000 - 0x00007ffcff24a000 	C:\WINDOWS\System32\msvcp_win.dll
0x00007ffd00ea0000 - 0x00007ffd00ed1000 	C:\WINDOWS\System32\IMM32.DLL
0x00007ffcf91f0000 - 0x00007ffcf91fc000 	C:\Users\daach\.p2\pool\plugins\org.eclipse.justj.openjdk.hotspot.jre.full.win32.x86_64_17.0.7.v20230425-1502\jre\bin\vcruntime140_1.dll
0x00007ffce6380000 - 0x00007ffce6411000 	C:\Users\daach\.p2\pool\plugins\org.eclipse.justj.openjdk.hotspot.jre.full.win32.x86_64_17.0.7.v20230425-1502\jre\bin\msvcp140.dll
0x00007ffc8b840000 - 0x00007ffc8c488000 	C:\Users\daach\.p2\pool\plugins\org.eclipse.justj.openjdk.hotspot.jre.full.win32.x86_64_17.0.7.v20230425-1502\jre\bin\server\jvm.dll
0x00007ffcffff0000 - 0x00007ffd000a3000 	C:\WINDOWS\System32\ADVAPI32.dll
0x00007ffd00d30000 - 0x00007ffd00dd8000 	C:\WINDOWS\System32\sechost.dll
0x00007ffcff520000 - 0x00007ffcff548000 	C:\WINDOWS\System32\bcrypt.dll
0x00007ffd019f0000 - 0x00007ffd01b07000 	C:\WINDOWS\System32\RPCRT4.dll
0x00007ffcf37c0000 - 0x00007ffcf37ca000 	C:\WINDOWS\SYSTEM32\VERSION.dll
0x00007ffcd8a70000 - 0x00007ffcd8a79000 	C:\WINDOWS\SYSTEM32\WSOCK32.dll
0x00007ffcfc9c0000 - 0x00007ffcfc9f4000 	C:\WINDOWS\SYSTEM32\WINMM.dll
0x00007ffd000b0000 - 0x00007ffd00121000 	C:\WINDOWS\System32\WS2_32.dll
0x00007ffcfe130000 - 0x00007ffcfe148000 	C:\WINDOWS\SYSTEM32\kernel.appcore.dll
0x00007ffcf1130000 - 0x00007ffcf113a000 	C:\Users\daach\.p2\pool\plugins\org.eclipse.justj.openjdk.hotspot.jre.full.win32.x86_64_17.0.7.v20230425-1502\jre\bin\jimage.dll
0x00007ffcfc740000 - 0x00007ffcfc973000 	C:\WINDOWS\SYSTEM32\DBGHELP.DLL
0x00007ffd002e0000 - 0x00007ffd00669000 	C:\WINDOWS\System32\combase.dll
0x00007ffd00130000 - 0x00007ffd00207000 	C:\WINDOWS\System32\OLEAUT32.dll
0x00007ffcfc980000 - 0x00007ffcfc9b2000 	C:\WINDOWS\SYSTEM32\dbgcore.DLL
0x00007ffcff130000 - 0x00007ffcff1aa000 	C:\WINDOWS\System32\bcryptPrimitives.dll
0x00007ffcdd6f0000 - 0x00007ffcdd715000 	C:\Users\daach\.p2\pool\plugins\org.eclipse.justj.openjdk.hotspot.jre.full.win32.x86_64_17.0.7.v20230425-1502\jre\bin\java.dll
0x00007ffce9020000 - 0x00007ffce9038000 	C:\Users\daach\.p2\pool\plugins\org.eclipse.justj.openjdk.hotspot.jre.full.win32.x86_64_17.0.7.v20230425-1502\jre\bin\zip.dll
0x00007ffd00f60000 - 0x00007ffd017ba000 	C:\WINDOWS\System32\SHELL32.dll
0x00007ffcfd030000 - 0x00007ffcfd926000 	C:\WINDOWS\SYSTEM32\windows.storage.dll
0x00007ffcfcef0000 - 0x00007ffcfd02e000 	C:\WINDOWS\SYSTEM32\wintypes.dll
0x00007ffd00670000 - 0x00007ffd00763000 	C:\WINDOWS\System32\SHCORE.dll
0x00007ffd01990000 - 0x00007ffd019ee000 	C:\WINDOWS\System32\shlwapi.dll
0x00007ffcff060000 - 0x00007ffcff086000 	C:\WINDOWS\SYSTEM32\profapi.dll
0x00007ffce83a0000 - 0x00007ffce83b9000 	C:\Users\daach\.p2\pool\plugins\org.eclipse.justj.openjdk.hotspot.jre.full.win32.x86_64_17.0.7.v20230425-1502\jre\bin\net.dll
0x00007ffcfa630000 - 0x00007ffcfa767000 	C:\WINDOWS\SYSTEM32\WINHTTP.dll
0x00007ffcfe5e0000 - 0x00007ffcfe649000 	C:\WINDOWS\system32\mswsock.dll
0x00007ffcdeff0000 - 0x00007ffcdf005000 	C:\Users\daach\.p2\pool\plugins\org.eclipse.justj.openjdk.hotspot.jre.full.win32.x86_64_17.0.7.v20230425-1502\jre\bin\nio.dll
0x00007ffcf6e10000 - 0x00007ffcf6e19000 	C:\Users\daach\.p2\pool\plugins\org.eclipse.justj.openjdk.hotspot.jre.full.win32.x86_64_17.0.7.v20230425-1502\jre\bin\management.dll
0x00007ffcf6df0000 - 0x00007ffcf6dfb000 	C:\Users\daach\.p2\pool\plugins\org.eclipse.justj.openjdk.hotspot.jre.full.win32.x86_64_17.0.7.v20230425-1502\jre\bin\management_ext.dll
0x00007ffd017c0000 - 0x00007ffd017c8000 	C:\WINDOWS\System32\PSAPI.DLL
0x00007ffcfe830000 - 0x00007ffcfe84b000 	C:\WINDOWS\SYSTEM32\CRYPTSP.dll
0x00007ffcfe090000 - 0x00007ffcfe0c5000 	C:\WINDOWS\system32\rsaenh.dll
0x00007ffcfe6d0000 - 0x00007ffcfe6fc000 	C:\WINDOWS\SYSTEM32\USERENV.dll
0x00007ffcfe850000 - 0x00007ffcfe85c000 	C:\WINDOWS\SYSTEM32\CRYPTBASE.dll
0x00007ffcfdc20000 - 0x00007ffcfdc4d000 	C:\WINDOWS\SYSTEM32\IPHLPAPI.DLL
0x00007ffd00f50000 - 0x00007ffd00f59000 	C:\WINDOWS\System32\NSI.dll
0x00007ffcfa540000 - 0x00007ffcfa559000 	C:\WINDOWS\SYSTEM32\dhcpcsvc6.DLL
0x00007ffcfa520000 - 0x00007ffcfa53f000 	C:\WINDOWS\SYSTEM32\dhcpcsvc.DLL
0x00007ffcfdc50000 - 0x00007ffcfdd49000 	C:\WINDOWS\SYSTEM32\DNSAPI.dll
0x00007ffcfaa10000 - 0x00007ffcfaa20000 	C:\Users\daach\.p2\pool\plugins\org.eclipse.justj.openjdk.hotspot.jre.full.win32.x86_64_17.0.7.v20230425-1502\jre\bin\verify.dll
0x00007ffcf74a0000 - 0x00007ffcf74aa000 	C:\Windows\System32\rasadhlp.dll
0x00007ffcf84b0000 - 0x00007ffcf8533000 	C:\WINDOWS\System32\fwpuclnt.dll
0x00007ffce7ea0000 - 0x00007ffce7eae000 	C:\Users\daach\.p2\pool\plugins\org.eclipse.justj.openjdk.hotspot.jre.full.win32.x86_64_17.0.7.v20230425-1502\jre\bin\sunmscapi.dll
0x00007ffcff250000 - 0x00007ffcff3b6000 	C:\WINDOWS\System32\CRYPT32.dll
0x00007ffcfea60000 - 0x00007ffcfea8e000 	C:\WINDOWS\SYSTEM32\ncrypt.dll
0x00007ffcfea20000 - 0x00007ffcfea57000 	C:\WINDOWS\SYSTEM32\NTASN1.dll
0x00007ffcf6040000 - 0x00007ffcf6048000 	C:\WINDOWS\system32\wshunix.dll
0x00007ffcf99a0000 - 0x00007ffcf9a37000 	C:\WINDOWS\system32\apphelp.dll
0x00007ffcf28c0000 - 0x00007ffcf28d7000 	C:\WINDOWS\system32\napinsp.dll
0x00007ffcf1840000 - 0x00007ffcf185b000 	C:\WINDOWS\system32\pnrpnsp.dll
0x00007ffcf1720000 - 0x00007ffcf1731000 	C:\WINDOWS\System32\winrnr.dll
0x00007ffcf6760000 - 0x00007ffcf6775000 	C:\WINDOWS\system32\wshbth.dll
0x00007ffcd87c0000 - 0x00007ffcd87e1000 	C:\WINDOWS\system32\nlansp_c.dll

dbghelp: loaded successfully - version: 4.0.5 - missing functions: none
symbol engine: initialized successfully - sym options: 0x614 - pdb path: .;C:\Users\daach\.p2\pool\plugins\org.eclipse.justj.openjdk.hotspot.jre.full.win32.x86_64_17.0.7.v20230425-1502\jre\bin;C:\WINDOWS\SYSTEM32;C:\WINDOWS\WinSxS\amd64_microsoft.windows.common-controls_6595b64144ccf1df_6.0.22621.2506_none_270c5ae97388e100;C:\Users\daach\.p2\pool\plugins\org.eclipse.justj.openjdk.hotspot.jre.full.win32.x86_64_17.0.7.v20230425-1502\jre\bin\server

VM Arguments:
java_command: C:\Users\daach\AppData\Local\Temp\surefire15561247560675320875\surefirebooter-20240113145312580_3.jar C:\Users\daach\AppData\Local\Temp\surefire15561247560675320875 2024-01-13T14-53-12_215-jvmRun1 surefire-20240113145312580_1tmp surefire_0-20240113145312580_2tmp
java_class_path (initial): C:\Users\daach\AppData\Local\Temp\surefire15561247560675320875\surefirebooter-20240113145312580_3.jar
Launcher Type: SUN_STANDARD

[Global flags]
     intx CICompilerCount                          = 4                                         {product} {ergonomic}
     uint ConcGCThreads                            = 3                                         {product} {ergonomic}
     uint G1ConcRefinementThreads                  = 10                                        {product} {ergonomic}
   size_t G1HeapRegionSize                         = 1048576                                   {product} {ergonomic}
    uintx GCDrainStackTargetSize                   = 64                                        {product} {ergonomic}
   size_t InitialHeapSize                          = 98566144                                  {product} {ergonomic}
   size_t MarkStackSize                            = 4194304                                   {product} {ergonomic}
   size_t MaxHeapSize                              = 1568669696                                {product} {ergonomic}
   size_t MaxNewSize                               = 940572672                                 {product} {ergonomic}
   size_t MinHeapDeltaBytes                        = 1048576                                   {product} {ergonomic}
   size_t MinHeapSize                              = 8388608                                   {product} {ergonomic}
    uintx NonNMethodCodeHeapSize                   = 5839372                                {pd product} {ergonomic}
    uintx NonProfiledCodeHeapSize                  = 122909434                              {pd product} {ergonomic}
    uintx ProfiledCodeHeapSize                     = 122909434                              {pd product} {ergonomic}
    uintx ReservedCodeCacheSize                    = 251658240                              {pd product} {ergonomic}
     bool SegmentedCodeCache                       = true                                      {product} {ergonomic}
   size_t SoftMaxHeapSize                          = 1568669696                             {manageable} {ergonomic}
     bool UseCompressedClassPointers               = true                           {product lp64_product} {ergonomic}
     bool UseCompressedOops                        = true                           {product lp64_product} {ergonomic}
     bool UseG1GC                                  = true                                      {product} {ergonomic}
     bool UseLargePagesIndividualAllocation        = false                                  {pd product} {ergonomic}

Logging:
Log output configuration:
 #0: stdout all=warning uptime,level,tags
 #1: stderr all=off uptime,level,tags

Environment Variables:
PATH=C:/Users/daach/.p2/pool/plugins/org.eclipse.justj.openjdk.hotspot.jre.full.win32.x86_64_17.0.7.v20230425-1502/jre/bin/server;C:/Users/daach/.p2/pool/plugins/org.eclipse.justj.openjdk.hotspot.jre.full.win32.x86_64_17.0.7.v20230425-1502/jre/bin;C:\Program Files\Common Files\Oracle\Java\javapath;C:\WINDOWS\system32;C:\WINDOWS;C:\WINDOWS\System32\Wbem;C:\WINDOWS\System32\WindowsPowerShell\v1.0\;C:\WINDOWS\System32\OpenSSH\;C:\Program Files\Java\jdk-11\bin;C:\Program Files\Git\cmd;C:\Program Files\Maven\apache-maven-3.9.5\bin;C:\Users\daach\AppData\Local\Microsoft\WindowsApps;;C:\WINDOWS\system32;
USERNAME=daach
TERM=xterm
OS=Windows_NT
PROCESSOR_IDENTIFIER=AMD64 Family 23 Model 104 Stepping 1, AuthenticAMD
TMP=C:\Users\daach\AppData\Local\Temp
TEMP=C:\Users\daach\AppData\Local\Temp



---------------  S Y S T E M  ---------------

OS:
 Windows 11 , 64 bit Build 22621 (10.0.22621.2506)
OS uptime: 3 days 10:00 hours
Hyper-V role detected

CPU: total 12 (initial active 12) (12 cores per cpu, 2 threads per core) family 23 model 104 stepping 1 microcode 0x0, cx8, cmov, fxsr, ht, mmx, 3dnowpref, sse, sse2, sse3, ssse3, sse4a, sse4.1, sse4.2, popcnt, lzcnt, tsc, tscinvbit, avx, avx2, aes, clmul, bmi1, bmi2, adx, sha, fma, vzeroupper, clflush, clflushopt, hv

Memory: 4k page, system-wide physical 5978M (291M free)
TotalPageFile size 24410M (AvailPageFile size 0M)
current process WorkingSet (physical memory assigned to process): 209M, peak: 209M
current process commit charge ("private bytes"): 276M, peak: 276M

vm_info: OpenJDK 64-Bit Server VM (17.0.7+7) for windows-amd64 JRE (17.0.7+7), built on Apr 18 2023 22:10:42 by "temurin" with MS VC++ 16.7 (VS2019)

END.
